<?xml version="1.0" encoding="UTF-8"?>
<testsuite xmlns:xsi="http://www.w3.org/2001/XMLSchema-instance" xsi:noNamespaceSchemaLocation="https://maven.apache.org/surefire/maven-surefire-plugin/xsd/surefire-test-report.xsd" name="org.baeldung.AppTest" time="2.14" tests="1" errors="0" skipped="0" failures="0">
  <properties>
    <property name="java.specification.version" value="13"/>
    <property name="sun.jnu.encoding" value="UTF-8"/>
    <property name="java.class.path" value="/Users/simonbachmann/Programming/parent-project/parent-project-backend/target/test-classes:/Users/simonbachmann/Programming/parent-project/parent-project-backend/target/classes:/Users/simonbachmann/Programming/parent-project/parent-project-frontend/target/parent-project-frontend-1.jar:/Users/simonbachmann/.m2/repository/org/springframework/boot/spring-boot-starter-webflux/2.2.0.M5/spring-boot-starter-webflux-2.2.0.M5.jar:/Users/simonbachmann/.m2/repository/org/springframework/boot/spring-boot-starter/2.2.0.M5/spring-boot-starter-2.2.0.M5.jar:/Users/simonbachmann/.m2/repository/org/springframework/boot/spring-boot-starter-logging/2.2.0.M5/spring-boot-starter-logging-2.2.0.M5.jar:/Users/simonbachmann/.m2/repository/ch/qos/logback/logback-classic/1.2.3/logback-classic-1.2.3.jar:/Users/simonbachmann/.m2/repository/ch/qos/logback/logback-core/1.2.3/logback-core-1.2.3.jar:/Users/simonbachmann/.m2/repository/org/apache/logging/log4j/log4j-to-slf4j/2.12.0/log4j-to-slf4j-2.12.0.jar:/Users/simonbachmann/.m2/repository/org/apache/logging/log4j/log4j-api/2.12.0/log4j-api-2.12.0.jar:/Users/simonbachmann/.m2/repository/org/slf4j/jul-to-slf4j/1.7.26/jul-to-slf4j-1.7.26.jar:/Users/simonbachmann/.m2/repository/jakarta/annotation/jakarta.annotation-api/1.3.4/jakarta.annotation-api-1.3.4.jar:/Users/simonbachmann/.m2/repository/org/yaml/snakeyaml/1.24/snakeyaml-1.24.jar:/Users/simonbachmann/.m2/repository/org/springframework/boot/spring-boot-starter-json/2.2.0.M5/spring-boot-starter-json-2.2.0.M5.jar:/Users/simonbachmann/.m2/repository/com/fasterxml/jackson/core/jackson-databind/2.9.9/jackson-databind-2.9.9.jar:/Users/simonbachmann/.m2/repository/com/fasterxml/jackson/core/jackson-annotations/2.9.0/jackson-annotations-2.9.0.jar:/Users/simonbachmann/.m2/repository/com/fasterxml/jackson/core/jackson-core/2.9.9/jackson-core-2.9.9.jar:/Users/simonbachmann/.m2/repository/com/fasterxml/jackson/datatype/jackson-datatype-jdk8/2.9.9/jackson-datatype-jdk8-2.9.9.jar:/Users/simonbachmann/.m2/repository/com/fasterxml/jackson/datatype/jackson-datatype-jsr310/2.9.9/jackson-datatype-jsr310-2.9.9.jar:/Users/simonbachmann/.m2/repository/com/fasterxml/jackson/module/jackson-module-parameter-names/2.9.9/jackson-module-parameter-names-2.9.9.jar:/Users/simonbachmann/.m2/repository/org/springframework/boot/spring-boot-starter-reactor-netty/2.2.0.M5/spring-boot-starter-reactor-netty-2.2.0.M5.jar:/Users/simonbachmann/.m2/repository/io/projectreactor/netty/reactor-netty/0.9.0.M3/reactor-netty-0.9.0.M3.jar:/Users/simonbachmann/.m2/repository/io/netty/netty-codec-http/4.1.38.Final/netty-codec-http-4.1.38.Final.jar:/Users/simonbachmann/.m2/repository/io/netty/netty-common/4.1.38.Final/netty-common-4.1.38.Final.jar:/Users/simonbachmann/.m2/repository/io/netty/netty-buffer/4.1.38.Final/netty-buffer-4.1.38.Final.jar:/Users/simonbachmann/.m2/repository/io/netty/netty-transport/4.1.38.Final/netty-transport-4.1.38.Final.jar:/Users/simonbachmann/.m2/repository/io/netty/netty-resolver/4.1.38.Final/netty-resolver-4.1.38.Final.jar:/Users/simonbachmann/.m2/repository/io/netty/netty-codec/4.1.38.Final/netty-codec-4.1.38.Final.jar:/Users/simonbachmann/.m2/repository/io/netty/netty-codec-http2/4.1.38.Final/netty-codec-http2-4.1.38.Final.jar:/Users/simonbachmann/.m2/repository/io/netty/netty-handler/4.1.38.Final/netty-handler-4.1.38.Final.jar:/Users/simonbachmann/.m2/repository/io/netty/netty-handler-proxy/4.1.38.Final/netty-handler-proxy-4.1.38.Final.jar:/Users/simonbachmann/.m2/repository/io/netty/netty-codec-socks/4.1.38.Final/netty-codec-socks-4.1.38.Final.jar:/Users/simonbachmann/.m2/repository/io/netty/netty-transport-native-epoll/4.1.38.Final/netty-transport-native-epoll-4.1.38.Final-linux-x86_64.jar:/Users/simonbachmann/.m2/repository/io/netty/netty-transport-native-unix-common/4.1.38.Final/netty-transport-native-unix-common-4.1.38.Final.jar:/Users/simonbachmann/.m2/repository/io/projectreactor/addons/reactor-pool/0.0.1.M3/reactor-pool-0.0.1.M3.jar:/Users/simonbachmann/.m2/repository/org/glassfish/jakarta.el/3.0.2/jakarta.el-3.0.2.jar:/Users/simonbachmann/.m2/repository/org/springframework/boot/spring-boot-starter-validation/2.2.0.M5/spring-boot-starter-validation-2.2.0.M5.jar:/Users/simonbachmann/.m2/repository/jakarta/validation/jakarta.validation-api/2.0.1/jakarta.validation-api-2.0.1.jar:/Users/simonbachmann/.m2/repository/org/hibernate/validator/hibernate-validator/6.0.17.Final/hibernate-validator-6.0.17.Final.jar:/Users/simonbachmann/.m2/repository/org/jboss/logging/jboss-logging/3.4.0.Final/jboss-logging-3.4.0.Final.jar:/Users/simonbachmann/.m2/repository/com/fasterxml/classmate/1.5.0/classmate-1.5.0.jar:/Users/simonbachmann/.m2/repository/org/springframework/spring-web/5.2.0.RC1/spring-web-5.2.0.RC1.jar:/Users/simonbachmann/.m2/repository/org/springframework/spring-beans/5.2.0.RC1/spring-beans-5.2.0.RC1.jar:/Users/simonbachmann/.m2/repository/org/springframework/spring-webflux/5.2.0.RC1/spring-webflux-5.2.0.RC1.jar:/Users/simonbachmann/.m2/repository/org/synchronoss/cloud/nio-multipart-parser/1.1.0/nio-multipart-parser-1.1.0.jar:/Users/simonbachmann/.m2/repository/org/slf4j/slf4j-api/1.7.26/slf4j-api-1.7.26.jar:/Users/simonbachmann/.m2/repository/org/synchronoss/cloud/nio-stream-storage/1.1.3/nio-stream-storage-1.1.3.jar:/Users/simonbachmann/.m2/repository/org/springframework/boot/spring-boot-devtools/2.2.0.M5/spring-boot-devtools-2.2.0.M5.jar:/Users/simonbachmann/.m2/repository/org/springframework/boot/spring-boot/2.2.0.M5/spring-boot-2.2.0.M5.jar:/Users/simonbachmann/.m2/repository/org/springframework/spring-context/5.2.0.RC1/spring-context-5.2.0.RC1.jar:/Users/simonbachmann/.m2/repository/org/springframework/spring-aop/5.2.0.RC1/spring-aop-5.2.0.RC1.jar:/Users/simonbachmann/.m2/repository/org/springframework/spring-expression/5.2.0.RC1/spring-expression-5.2.0.RC1.jar:/Users/simonbachmann/.m2/repository/org/springframework/boot/spring-boot-autoconfigure/2.2.0.M5/spring-boot-autoconfigure-2.2.0.M5.jar:/Users/simonbachmann/.m2/repository/org/springframework/boot/spring-boot-starter-test/2.2.0.M5/spring-boot-starter-test-2.2.0.M5.jar:/Users/simonbachmann/.m2/repository/org/springframework/boot/spring-boot-test/2.2.0.M5/spring-boot-test-2.2.0.M5.jar:/Users/simonbachmann/.m2/repository/org/springframework/boot/spring-boot-test-autoconfigure/2.2.0.M5/spring-boot-test-autoconfigure-2.2.0.M5.jar:/Users/simonbachmann/.m2/repository/com/jayway/jsonpath/json-path/2.4.0/json-path-2.4.0.jar:/Users/simonbachmann/.m2/repository/net/minidev/json-smart/2.3/json-smart-2.3.jar:/Users/simonbachmann/.m2/repository/net/minidev/accessors-smart/1.2/accessors-smart-1.2.jar:/Users/simonbachmann/.m2/repository/org/ow2/asm/asm/5.0.4/asm-5.0.4.jar:/Users/simonbachmann/.m2/repository/jakarta/xml/bind/jakarta.xml.bind-api/2.3.2/jakarta.xml.bind-api-2.3.2.jar:/Users/simonbachmann/.m2/repository/jakarta/activation/jakarta.activation-api/1.2.1/jakarta.activation-api-1.2.1.jar:/Users/simonbachmann/.m2/repository/org/junit/jupiter/junit-jupiter/5.5.1/junit-jupiter-5.5.1.jar:/Users/simonbachmann/.m2/repository/org/junit/jupiter/junit-jupiter-api/5.5.1/junit-jupiter-api-5.5.1.jar:/Users/simonbachmann/.m2/repository/org/apiguardian/apiguardian-api/1.1.0/apiguardian-api-1.1.0.jar:/Users/simonbachmann/.m2/repository/org/opentest4j/opentest4j/1.2.0/opentest4j-1.2.0.jar:/Users/simonbachmann/.m2/repository/org/junit/platform/junit-platform-commons/1.5.1/junit-platform-commons-1.5.1.jar:/Users/simonbachmann/.m2/repository/org/junit/jupiter/junit-jupiter-params/5.5.1/junit-jupiter-params-5.5.1.jar:/Users/simonbachmann/.m2/repository/org/junit/jupiter/junit-jupiter-engine/5.5.1/junit-jupiter-engine-5.5.1.jar:/Users/simonbachmann/.m2/repository/org/junit/platform/junit-platform-engine/1.5.1/junit-platform-engine-1.5.1.jar:/Users/simonbachmann/.m2/repository/org/mockito/mockito-junit-jupiter/2.28.2/mockito-junit-jupiter-2.28.2.jar:/Users/simonbachmann/.m2/repository/org/assertj/assertj-core/3.13.2/assertj-core-3.13.2.jar:/Users/simonbachmann/.m2/repository/org/hamcrest/hamcrest/2.1/hamcrest-2.1.jar:/Users/simonbachmann/.m2/repository/org/mockito/mockito-core/2.28.2/mockito-core-2.28.2.jar:/Users/simonbachmann/.m2/repository/net/bytebuddy/byte-buddy/1.10.0/byte-buddy-1.10.0.jar:/Users/simonbachmann/.m2/repository/net/bytebuddy/byte-buddy-agent/1.10.0/byte-buddy-agent-1.10.0.jar:/Users/simonbachmann/.m2/repository/org/objenesis/objenesis/2.6/objenesis-2.6.jar:/Users/simonbachmann/.m2/repository/org/skyscreamer/jsonassert/1.5.0/jsonassert-1.5.0.jar:/Users/simonbachmann/.m2/repository/com/vaadin/external/google/android-json/0.0.20131108.vaadin1/android-json-0.0.20131108.vaadin1.jar:/Users/simonbachmann/.m2/repository/org/springframework/spring-core/5.2.0.RC1/spring-core-5.2.0.RC1.jar:/Users/simonbachmann/.m2/repository/org/springframework/spring-jcl/5.2.0.RC1/spring-jcl-5.2.0.RC1.jar:/Users/simonbachmann/.m2/repository/org/springframework/spring-test/5.2.0.RC1/spring-test-5.2.0.RC1.jar:/Users/simonbachmann/.m2/repository/org/xmlunit/xmlunit-core/2.6.3/xmlunit-core-2.6.3.jar:/Users/simonbachmann/.m2/repository/io/projectreactor/reactor-test/3.3.0.M3/reactor-test-3.3.0.M3.jar:/Users/simonbachmann/.m2/repository/io/projectreactor/reactor-core/3.3.0.M3/reactor-core-3.3.0.M3.jar:/Users/simonbachmann/.m2/repository/org/reactivestreams/reactive-streams/1.0.2/reactive-streams-1.0.2.jar:"/>
    <property name="java.vm.vendor" value="Oracle Corporation"/>
    <property name="sun.arch.data.model" value="64"/>
    <property name="java.vendor.url" value="https://openjdk.java.net/"/>
    <property name="os.name" value="Mac OS X"/>
    <property name="java.vm.specification.version" value="13"/>
    <property name="sun.java.launcher" value="SUN_STANDARD"/>
    <property name="user.country" value="GB"/>
    <property name="sun.boot.library.path" value="/usr/local/Cellar/openjdk/13.0.2+8_2/libexec/openjdk.jdk/Contents/Home/lib"/>
    <property name="sun.java.command" value="/Users/simonbachmann/Programming/parent-project/parent-project-backend/target/surefire/surefirebooter15080858921896690264.jar /Users/simonbachmann/Programming/parent-project/parent-project-backend/target/surefire 2020-04-08T09-40-41_088-jvmRun1 surefire10063841577318435041tmp surefire_07135756180546378334tmp"/>
    <property name="http.nonProxyHosts" value="local|*.local|169.254/16|*.169.254/16"/>
    <property name="jdk.debug" value="release"/>
    <property name="surefire.test.class.path" value="/Users/simonbachmann/Programming/parent-project/parent-project-backend/target/test-classes:/Users/simonbachmann/Programming/parent-project/parent-project-backend/target/classes:/Users/simonbachmann/Programming/parent-project/parent-project-frontend/target/parent-project-frontend-1.jar:/Users/simonbachmann/.m2/repository/org/springframework/boot/spring-boot-starter-webflux/2.2.0.M5/spring-boot-starter-webflux-2.2.0.M5.jar:/Users/simonbachmann/.m2/repository/org/springframework/boot/spring-boot-starter/2.2.0.M5/spring-boot-starter-2.2.0.M5.jar:/Users/simonbachmann/.m2/repository/org/springframework/boot/spring-boot-starter-logging/2.2.0.M5/spring-boot-starter-logging-2.2.0.M5.jar:/Users/simonbachmann/.m2/repository/ch/qos/logback/logback-classic/1.2.3/logback-classic-1.2.3.jar:/Users/simonbachmann/.m2/repository/ch/qos/logback/logback-core/1.2.3/logback-core-1.2.3.jar:/Users/simonbachmann/.m2/repository/org/apache/logging/log4j/log4j-to-slf4j/2.12.0/log4j-to-slf4j-2.12.0.jar:/Users/simonbachmann/.m2/repository/org/apache/logging/log4j/log4j-api/2.12.0/log4j-api-2.12.0.jar:/Users/simonbachmann/.m2/repository/org/slf4j/jul-to-slf4j/1.7.26/jul-to-slf4j-1.7.26.jar:/Users/simonbachmann/.m2/repository/jakarta/annotation/jakarta.annotation-api/1.3.4/jakarta.annotation-api-1.3.4.jar:/Users/simonbachmann/.m2/repository/org/yaml/snakeyaml/1.24/snakeyaml-1.24.jar:/Users/simonbachmann/.m2/repository/org/springframework/boot/spring-boot-starter-json/2.2.0.M5/spring-boot-starter-json-2.2.0.M5.jar:/Users/simonbachmann/.m2/repository/com/fasterxml/jackson/core/jackson-databind/2.9.9/jackson-databind-2.9.9.jar:/Users/simonbachmann/.m2/repository/com/fasterxml/jackson/core/jackson-annotations/2.9.0/jackson-annotations-2.9.0.jar:/Users/simonbachmann/.m2/repository/com/fasterxml/jackson/core/jackson-core/2.9.9/jackson-core-2.9.9.jar:/Users/simonbachmann/.m2/repository/com/fasterxml/jackson/datatype/jackson-datatype-jdk8/2.9.9/jackson-datatype-jdk8-2.9.9.jar:/Users/simonbachmann/.m2/repository/com/fasterxml/jackson/datatype/jackson-datatype-jsr310/2.9.9/jackson-datatype-jsr310-2.9.9.jar:/Users/simonbachmann/.m2/repository/com/fasterxml/jackson/module/jackson-module-parameter-names/2.9.9/jackson-module-parameter-names-2.9.9.jar:/Users/simonbachmann/.m2/repository/org/springframework/boot/spring-boot-starter-reactor-netty/2.2.0.M5/spring-boot-starter-reactor-netty-2.2.0.M5.jar:/Users/simonbachmann/.m2/repository/io/projectreactor/netty/reactor-netty/0.9.0.M3/reactor-netty-0.9.0.M3.jar:/Users/simonbachmann/.m2/repository/io/netty/netty-codec-http/4.1.38.Final/netty-codec-http-4.1.38.Final.jar:/Users/simonbachmann/.m2/repository/io/netty/netty-common/4.1.38.Final/netty-common-4.1.38.Final.jar:/Users/simonbachmann/.m2/repository/io/netty/netty-buffer/4.1.38.Final/netty-buffer-4.1.38.Final.jar:/Users/simonbachmann/.m2/repository/io/netty/netty-transport/4.1.38.Final/netty-transport-4.1.38.Final.jar:/Users/simonbachmann/.m2/repository/io/netty/netty-resolver/4.1.38.Final/netty-resolver-4.1.38.Final.jar:/Users/simonbachmann/.m2/repository/io/netty/netty-codec/4.1.38.Final/netty-codec-4.1.38.Final.jar:/Users/simonbachmann/.m2/repository/io/netty/netty-codec-http2/4.1.38.Final/netty-codec-http2-4.1.38.Final.jar:/Users/simonbachmann/.m2/repository/io/netty/netty-handler/4.1.38.Final/netty-handler-4.1.38.Final.jar:/Users/simonbachmann/.m2/repository/io/netty/netty-handler-proxy/4.1.38.Final/netty-handler-proxy-4.1.38.Final.jar:/Users/simonbachmann/.m2/repository/io/netty/netty-codec-socks/4.1.38.Final/netty-codec-socks-4.1.38.Final.jar:/Users/simonbachmann/.m2/repository/io/netty/netty-transport-native-epoll/4.1.38.Final/netty-transport-native-epoll-4.1.38.Final-linux-x86_64.jar:/Users/simonbachmann/.m2/repository/io/netty/netty-transport-native-unix-common/4.1.38.Final/netty-transport-native-unix-common-4.1.38.Final.jar:/Users/simonbachmann/.m2/repository/io/projectreactor/addons/reactor-pool/0.0.1.M3/reactor-pool-0.0.1.M3.jar:/Users/simonbachmann/.m2/repository/org/glassfish/jakarta.el/3.0.2/jakarta.el-3.0.2.jar:/Users/simonbachmann/.m2/repository/org/springframework/boot/spring-boot-starter-validation/2.2.0.M5/spring-boot-starter-validation-2.2.0.M5.jar:/Users/simonbachmann/.m2/repository/jakarta/validation/jakarta.validation-api/2.0.1/jakarta.validation-api-2.0.1.jar:/Users/simonbachmann/.m2/repository/org/hibernate/validator/hibernate-validator/6.0.17.Final/hibernate-validator-6.0.17.Final.jar:/Users/simonbachmann/.m2/repository/org/jboss/logging/jboss-logging/3.4.0.Final/jboss-logging-3.4.0.Final.jar:/Users/simonbachmann/.m2/repository/com/fasterxml/classmate/1.5.0/classmate-1.5.0.jar:/Users/simonbachmann/.m2/repository/org/springframework/spring-web/5.2.0.RC1/spring-web-5.2.0.RC1.jar:/Users/simonbachmann/.m2/repository/org/springframework/spring-beans/5.2.0.RC1/spring-beans-5.2.0.RC1.jar:/Users/simonbachmann/.m2/repository/org/springframework/spring-webflux/5.2.0.RC1/spring-webflux-5.2.0.RC1.jar:/Users/simonbachmann/.m2/repository/org/synchronoss/cloud/nio-multipart-parser/1.1.0/nio-multipart-parser-1.1.0.jar:/Users/simonbachmann/.m2/repository/org/slf4j/slf4j-api/1.7.26/slf4j-api-1.7.26.jar:/Users/simonbachmann/.m2/repository/org/synchronoss/cloud/nio-stream-storage/1.1.3/nio-stream-storage-1.1.3.jar:/Users/simonbachmann/.m2/repository/org/springframework/boot/spring-boot-devtools/2.2.0.M5/spring-boot-devtools-2.2.0.M5.jar:/Users/simonbachmann/.m2/repository/org/springframework/boot/spring-boot/2.2.0.M5/spring-boot-2.2.0.M5.jar:/Users/simonbachmann/.m2/repository/org/springframework/spring-context/5.2.0.RC1/spring-context-5.2.0.RC1.jar:/Users/simonbachmann/.m2/repository/org/springframework/spring-aop/5.2.0.RC1/spring-aop-5.2.0.RC1.jar:/Users/simonbachmann/.m2/repository/org/springframework/spring-expression/5.2.0.RC1/spring-expression-5.2.0.RC1.jar:/Users/simonbachmann/.m2/repository/org/springframework/boot/spring-boot-autoconfigure/2.2.0.M5/spring-boot-autoconfigure-2.2.0.M5.jar:/Users/simonbachmann/.m2/repository/org/springframework/boot/spring-boot-starter-test/2.2.0.M5/spring-boot-starter-test-2.2.0.M5.jar:/Users/simonbachmann/.m2/repository/org/springframework/boot/spring-boot-test/2.2.0.M5/spring-boot-test-2.2.0.M5.jar:/Users/simonbachmann/.m2/repository/org/springframework/boot/spring-boot-test-autoconfigure/2.2.0.M5/spring-boot-test-autoconfigure-2.2.0.M5.jar:/Users/simonbachmann/.m2/repository/com/jayway/jsonpath/json-path/2.4.0/json-path-2.4.0.jar:/Users/simonbachmann/.m2/repository/net/minidev/json-smart/2.3/json-smart-2.3.jar:/Users/simonbachmann/.m2/repository/net/minidev/accessors-smart/1.2/accessors-smart-1.2.jar:/Users/simonbachmann/.m2/repository/org/ow2/asm/asm/5.0.4/asm-5.0.4.jar:/Users/simonbachmann/.m2/repository/jakarta/xml/bind/jakarta.xml.bind-api/2.3.2/jakarta.xml.bind-api-2.3.2.jar:/Users/simonbachmann/.m2/repository/jakarta/activation/jakarta.activation-api/1.2.1/jakarta.activation-api-1.2.1.jar:/Users/simonbachmann/.m2/repository/org/junit/jupiter/junit-jupiter/5.5.1/junit-jupiter-5.5.1.jar:/Users/simonbachmann/.m2/repository/org/junit/jupiter/junit-jupiter-api/5.5.1/junit-jupiter-api-5.5.1.jar:/Users/simonbachmann/.m2/repository/org/apiguardian/apiguardian-api/1.1.0/apiguardian-api-1.1.0.jar:/Users/simonbachmann/.m2/repository/org/opentest4j/opentest4j/1.2.0/opentest4j-1.2.0.jar:/Users/simonbachmann/.m2/repository/org/junit/platform/junit-platform-commons/1.5.1/junit-platform-commons-1.5.1.jar:/Users/simonbachmann/.m2/repository/org/junit/jupiter/junit-jupiter-params/5.5.1/junit-jupiter-params-5.5.1.jar:/Users/simonbachmann/.m2/repository/org/junit/jupiter/junit-jupiter-engine/5.5.1/junit-jupiter-engine-5.5.1.jar:/Users/simonbachmann/.m2/repository/org/junit/platform/junit-platform-engine/1.5.1/junit-platform-engine-1.5.1.jar:/Users/simonbachmann/.m2/repository/org/mockito/mockito-junit-jupiter/2.28.2/mockito-junit-jupiter-2.28.2.jar:/Users/simonbachmann/.m2/repository/org/assertj/assertj-core/3.13.2/assertj-core-3.13.2.jar:/Users/simonbachmann/.m2/repository/org/hamcrest/hamcrest/2.1/hamcrest-2.1.jar:/Users/simonbachmann/.m2/repository/org/mockito/mockito-core/2.28.2/mockito-core-2.28.2.jar:/Users/simonbachmann/.m2/repository/net/bytebuddy/byte-buddy/1.10.0/byte-buddy-1.10.0.jar:/Users/simonbachmann/.m2/repository/net/bytebuddy/byte-buddy-agent/1.10.0/byte-buddy-agent-1.10.0.jar:/Users/simonbachmann/.m2/repository/org/objenesis/objenesis/2.6/objenesis-2.6.jar:/Users/simonbachmann/.m2/repository/org/skyscreamer/jsonassert/1.5.0/jsonassert-1.5.0.jar:/Users/simonbachmann/.m2/repository/com/vaadin/external/google/android-json/0.0.20131108.vaadin1/android-json-0.0.20131108.vaadin1.jar:/Users/simonbachmann/.m2/repository/org/springframework/spring-core/5.2.0.RC1/spring-core-5.2.0.RC1.jar:/Users/simonbachmann/.m2/repository/org/springframework/spring-jcl/5.2.0.RC1/spring-jcl-5.2.0.RC1.jar:/Users/simonbachmann/.m2/repository/org/springframework/spring-test/5.2.0.RC1/spring-test-5.2.0.RC1.jar:/Users/simonbachmann/.m2/repository/org/xmlunit/xmlunit-core/2.6.3/xmlunit-core-2.6.3.jar:/Users/simonbachmann/.m2/repository/io/projectreactor/reactor-test/3.3.0.M3/reactor-test-3.3.0.M3.jar:/Users/simonbachmann/.m2/repository/io/projectreactor/reactor-core/3.3.0.M3/reactor-core-3.3.0.M3.jar:/Users/simonbachmann/.m2/repository/org/reactivestreams/reactive-streams/1.0.2/reactive-streams-1.0.2.jar:"/>
    <property name="sun.cpu.endian" value="little"/>
    <property name="user.home" value="/Users/simonbachmann"/>
    <property name="user.language" value="en"/>
    <property name="java.specification.vendor" value="Oracle Corporation"/>
    <property name="java.version.date" value="2020-01-14"/>
    <property name="java.home" value="/usr/local/Cellar/openjdk/13.0.2+8_2/libexec/openjdk.jdk/Contents/Home"/>
    <property name="file.separator" value="/"/>
    <property name="basedir" value="/Users/simonbachmann/Programming/parent-project/parent-project-backend"/>
    <property name="java.vm.compressedOopsMode" value="Zero based"/>
    <property name="line.separator" value="&#10;"/>
    <property name="java.specification.name" value="Java Platform API Specification"/>
    <property name="java.vm.specification.vendor" value="Oracle Corporation"/>
    <property name="surefire.real.class.path" value="/Users/simonbachmann/Programming/parent-project/parent-project-backend/target/surefire/surefirebooter15080858921896690264.jar"/>
    <property name="sun.management.compiler" value="HotSpot 64-Bit Tiered Compilers"/>
    <property name="ftp.nonProxyHosts" value="local|*.local|169.254/16|*.169.254/16"/>
    <property name="java.runtime.version" value="13.0.2+8"/>
    <property name="user.name" value="simonbachmann"/>
    <property name="path.separator" value=":"/>
    <property name="os.version" value="10.15.3"/>
    <property name="java.runtime.name" value="OpenJDK Runtime Environment"/>
    <property name="file.encoding" value="UTF-8"/>
    <property name="java.vm.name" value="OpenJDK 64-Bit Server VM"/>
    <property name="localRepository" value="/Users/simonbachmann/.m2/repository"/>
    <property name="java.vendor.url.bug" value="https://bugreport.java.com/bugreport/"/>
    <property name="java.io.tmpdir" value="/var/folders/sg/8zfw67393bqgv159t69t37sr0000gn/T/"/>
    <property name="java.version" value="13.0.2"/>
    <property name="user.dir" value="/Users/simonbachmann/Programming/parent-project/parent-project-backend"/>
    <property name="os.arch" value="x86_64"/>
    <property name="java.vm.specification.name" value="Java Virtual Machine Specification"/>
    <property name="java.library.path" value="/Users/simonbachmann/Library/Java/Extensions:/Library/Java/Extensions:/Network/Library/Java/Extensions:/System/Library/Java/Extensions:/usr/lib/java:."/>
    <property name="java.vm.info" value="mixed mode, sharing"/>
    <property name="java.vendor" value="N/A"/>
    <property name="java.vm.version" value="13.0.2+8"/>
    <property name="sun.io.unicode.encoding" value="UnicodeBig"/>
    <property name="socksNonProxyHosts" value="local|*.local|169.254/16|*.169.254/16"/>
    <property name="java.class.version" value="57.0"/>
  </properties>
  <testcase name="contextLoads" classname="org.baeldung.AppTest" time="0.405"/>
</testsuite>